<?xml version="1.0" encoding="UTF-8"?>
<!-- Generated by org.testng.reporters.JUnitReportReporter -->
<testsuite hostname="DESKTOP-LBUNL5H" failures="0" tests="1" name="RegistrationFunctionality.Signup" time="29.709" errors="0" timestamp="2022-11-07T18:00:42 IST" skipped="0">
  <testcase classname="RegistrationFunctionality.Signup" name="f" time="29.709"/>
  <system-out/>
</testsuite> <!-- RegistrationFunctionality.Signup -->
