<?xml version="1.0" encoding="UTF-8"?>
<!-- Generated by org.testng.reporters.JUnitReportReporter -->
<testsuite hostname="DESKTOP-LBUNL5H" failures="0" tests="1" name="LoginFunctionality.SignInFunctionality" time="25.629" errors="0" timestamp="2022-11-14T14:49:30 IST" skipped="0">
  <testcase classname="LoginFunctionality.SignInFunctionality" name="f" time="25.629"/>
  <system-out/>
</testsuite> <!-- LoginFunctionality.SignInFunctionality -->
